-------------------------------------------------------------------------------
Test set: com.sd4.application.AssignmentOne2022ApplicationTests
-------------------------------------------------------------------------------
Tests run: 1, Failures: 0, Errors: 1, Skipped: 0, Time elapsed: 3.488 s <<< FAILURE! - in com.sd4.application.AssignmentOne2022ApplicationTests
contextLoads  Time elapsed: 0 s  <<< ERROR!
java.lang.IllegalStateException: Failed to load ApplicationContext
Caused by: org.springframework.beans.factory.BeanCreationException: 
Error creating bean with name 'requestMappingHandlerMapping' defined in class path resource [org/springframework/boot/autoconfigure/web/servlet/WebMvcAutoConfiguration$EnableWebMvcConfiguration.class]: Invocation of init method failed; nested exception is java.lang.IllegalStateException: Ambiguous mapping. Cannot map 'beerController' method 
com.sd4.controller.BeerController#getAllBeers()
to {GET [/beers], produces [application/json]}: There is already 'beerController' bean method
com.sd4.controller.BeerController#getAllBeersWithHATEOAS() mapped.
Caused by: java.lang.IllegalStateException: 
Ambiguous mapping. Cannot map 'beerController' method 
com.sd4.controller.BeerController#getAllBeers()
to {GET [/beers], produces [application/json]}: There is already 'beerController' bean method
com.sd4.controller.BeerController#getAllBeersWithHATEOAS() mapped.

